#
# There is insufficient memory for the Java Runtime Environment to continue.
# Native memory allocation (malloc) failed to allocate 1048576 bytes for AllocateHeap
# Possible reasons:
#   The system is out of physical RAM or swap space
#   In 32 bit mode, the process size limit was hit
# Possible solutions:
#   Reduce memory load on the system
#   Increase physical memory or swap space
#   Check if swap backing store is full
#   Use 64 bit Java on a 64 bit OS
#   Decrease Java heap size (-Xmx/-Xms)
#   Decrease number of Java threads
#   Decrease Java thread stack sizes (-Xss)
#   Set larger code cache with -XX:ReservedCodeCacheSize=
# This output file may be truncated or incomplete.
#
#  Out of Memory Error (memory/allocation.inline.hpp:61), pid=6280, tid=0x0000000000008d48
#
# JRE version:  (8.0_121-b13) (build )
# Java VM: Java HotSpot(TM) 64-Bit Server VM (25.121-b13 mixed mode windows-amd64 compressed oops)
# Failed to write core dump. Minidumps are not enabled by default on client versions of Windows
#

---------------  T H R E A D  ---------------

Current thread (0x0000000002d08800):  JavaThread "Unknown thread" [_thread_in_vm, id=36168, stack(0x0000000002be0000,0x0000000002ce0000)]

Stack: [0x0000000002be0000,0x0000000002ce0000]
[error occurred during error reporting (printing stack bounds), id 0xc0000005]

Native frames: (J=compiled Java code, j=interpreted, Vv=VM code, C=native code)


---------------  P R O C E S S  ---------------

Java Threads: ( => current thread )

Other Threads:

=>0x0000000002d08800 (exited) JavaThread "Unknown thread" [_thread_in_vm, id=36168, stack(0x0000000002be0000,0x0000000002ce0000)]

VM state:not at safepoint (normal execution)

VM Mutex/Monitor currently owned by a thread: None

Heap:
 PSYoungGen      total 38400K, used 665K [0x00000000d5580000, 0x00000000d8000000, 0x0000000100000000)
  eden space 33280K, 2% used [0x00000000d5580000,0x00000000d5626670,0x00000000d7600000)
  from space 5120K, 0% used [0x00000000d7b00000,0x00000000d7b00000,0x00000000d8000000)
  to   space 5120K, 0% used [0x00000000d7600000,0x00000000d7600000,0x00000000d7b00000)
 ParOldGen       total 87552K, used 0K [0x0000000080000000, 0x0000000085580000, 0x00000000d5580000)
  object space 87552K, 0% used [0x0000000080000000,0x0000000080000000,0x0000000085580000)
 Metaspace       used 752K, capacity 1092K, committed 1152K, reserved 1060864K
  class space    used 75K, capacity 384K, committed 384K, reserved 1048576K

Card table byte_map: [0x00000000121e0000,0x00000000125f0000] byte_map_base: 0x0000000011de0000

Marking Bits: (ParMarkBitMap*) 0x00000000580cb6d0
 Begin Bits: [0x0000000012ca0000, 0x0000000014ca0000)
 End Bits:   [0x0000000014ca0000, 0x0000000016ca0000)

Polling page: 0x0000000002ce0000

CodeCache: size=245760Kb used=328Kb max_used=328Kb free=245431Kb
 bounds [0x0000000002e20000, 0x0000000003090000, 0x0000000011e20000]
 total_blobs=57 nmethods=0 adapters=38
 compilation: enabled

Compilation events (0 events):
No events

GC Heap History (0 events):
No events

Deoptimization events (0 events):
No events

Internal exceptions (0 events):
No events

Events (10 events):
Event: 0.041 loading class java/lang/Short
Event: 0.041 loading class java/lang/Short done
Event: 0.041 loading class java/lang/Integer
Event: 0.041 loading class java/lang/Integer done
Event: 0.041 loading class java/lang/Long
Event: 0.042 loading class java/lang/Long done
Event: 0.044 loading class java/lang/NullPointerException
Event: 0.044 loading class java/lang/NullPointerException done
Event: 0.044 loading class java/lang/ArithmeticException
Event: 0.044 loading class java/lang/ArithmeticException done


Dynamic libraries:
0x00007ff6aabe0000 - 0x00007ff6aac17000 	C:\Program Files\Java\jre1.8.0_121\bin\javaw.exe
0x00007ffc7db40000 - 0x00007ffc7dd21000 	C:\WINDOWS\SYSTEM32\ntdll.dll
0x00007ffc7bac0000 - 0x00007ffc7bb72000 	C:\WINDOWS\System32\KERNEL32.DLL
0x00007ffc7a010000 - 0x00007ffc7a283000 	C:\WINDOWS\System32\KERNELBASE.dll
0x00007ffc7b9e0000 - 0x00007ffc7ba81000 	C:\WINDOWS\System32\ADVAPI32.dll
0x00007ffc7b620000 - 0x00007ffc7b6be000 	C:\WINDOWS\System32\msvcrt.dll
0x00007ffc7daa0000 - 0x00007ffc7dafb000 	C:\WINDOWS\System32\sechost.dll
0x00007ffc7b720000 - 0x00007ffc7b844000 	C:\WINDOWS\System32\RPCRT4.dll
0x00007ffc7b850000 - 0x00007ffc7b9e0000 	C:\WINDOWS\System32\USER32.dll
0x00007ffc7a2e0000 - 0x00007ffc7a300000 	C:\WINDOWS\System32\win32u.dll
0x00007ffc7b470000 - 0x00007ffc7b498000 	C:\WINDOWS\System32\GDI32.dll
0x00007ffc7aaf0000 - 0x00007ffc7ac82000 	C:\WINDOWS\System32\gdi32full.dll
0x00007ffc7af30000 - 0x00007ffc7afcf000 	C:\WINDOWS\System32\msvcp_win.dll
0x00007ffc79f10000 - 0x00007ffc7a00a000 	C:\WINDOWS\System32\ucrtbase.dll
0x00007ffc780e0000 - 0x00007ffc78349000 	C:\WINDOWS\WinSxS\amd64_microsoft.windows.common-controls_6595b64144ccf1df_6.0.17134.407_none_fb449d63306391e9\COMCTL32.dll
0x00007ffc7c130000 - 0x00007ffc7c452000 	C:\WINDOWS\System32\combase.dll
0x00007ffc7aa70000 - 0x00007ffc7aaea000 	C:\WINDOWS\System32\bcryptPrimitives.dll
0x00007ffc7ba90000 - 0x00007ffc7babd000 	C:\WINDOWS\System32\IMM32.DLL
0x00007ffc79cf0000 - 0x00007ffc79d4d000 	C:\Program Files\Citrix\System32\MfApHook64.dll
0x00007ffc79640000 - 0x00007ffc7966b000 	C:\Program Files\Citrix\ICAService\CtxDodHook64.dll
0x00007ffc79c10000 - 0x00007ffc79c42000 	C:\Program Files\Citrix\ICAService\picaFullScreenHookX64.dll
0x00007ffc795f0000 - 0x00007ffc7963e000 	C:\Program Files\Citrix\ICAService\ShellHook64.dll
0x00007ffc7c460000 - 0x00007ffc7d89f000 	C:\WINDOWS\System32\SHELL32.dll
0x00007ffc7a290000 - 0x00007ffc7a2d9000 	C:\WINDOWS\System32\cfgmgr32.dll
0x00007ffc7d9e0000 - 0x00007ffc7da89000 	C:\WINDOWS\System32\shcore.dll
0x00007ffc7a360000 - 0x00007ffc7aa6d000 	C:\WINDOWS\System32\windows.storage.dll
0x00007ffc7b2b0000 - 0x00007ffc7b301000 	C:\WINDOWS\System32\shlwapi.dll
0x00007ffc79ea0000 - 0x00007ffc79eb1000 	C:\WINDOWS\System32\kernel.appcore.dll
0x00007ffc79ec0000 - 0x00007ffc79edf000 	C:\WINDOWS\System32\profapi.dll
0x00007ffc79e50000 - 0x00007ffc79e9c000 	C:\WINDOWS\System32\powrprof.dll
0x00007ffc79f00000 - 0x00007ffc79f0a000 	C:\WINDOWS\System32\FLTLIB.DLL
0x00007ffc79450000 - 0x00007ffc795cc000 	C:\Program Files\Citrix\ICAService\SCardHook64.dll
0x00007ffc79420000 - 0x00007ffc7944a000 	C:\Program Files\Citrix\ICAService\cxinjime64.dll
0x00007ffc79360000 - 0x00007ffc793a8000 	C:\Program Files\Citrix\ICAService\PicaWtsHook64.dll
0x0000000058ab0000 - 0x0000000058b82000 	C:\Program Files\Java\jre1.8.0_121\bin\msvcr100.dll
0x00000000578b0000 - 0x000000005814b000 	C:\Program Files\Java\jre1.8.0_121\bin\server\jvm.dll
0x00007ffc7b310000 - 0x00007ffc7b318000 	C:\WINDOWS\System32\PSAPI.DLL
0x00007ffc685a0000 - 0x00007ffc685a9000 	C:\WINDOWS\SYSTEM32\WSOCK32.dll
0x00007ffc7d8a0000 - 0x00007ffc7d90c000 	C:\WINDOWS\System32\WS2_32.dll
0x00007ffc79b00000 - 0x00007ffc79b0a000 	C:\WINDOWS\SYSTEM32\VERSION.dll
0x00007ffc73440000 - 0x00007ffc73463000 	C:\WINDOWS\SYSTEM32\WINMM.dll
0x00007ffc73410000 - 0x00007ffc7343a000 	C:\WINDOWS\SYSTEM32\winmmbase.dll
0x0000000058aa0000 - 0x0000000058aaf000 	C:\Program Files\Java\jre1.8.0_121\bin\verify.dll
0x0000000058a70000 - 0x0000000058a99000 	C:\Program Files\Java\jre1.8.0_121\bin\java.dll
0x0000000058750000 - 0x0000000058766000 	C:\Program Files\Java\jre1.8.0_121\bin\zip.dll

VM Arguments:
jvm_args: -Dcom.sun.management.jmxremote -Dcom.sun.management.jmxremote.port=52844 -Dcom.sun.management.jmxremote.authenticate=false -Dcom.sun.management.jmxremote.ssl=false -Djava.rmi.server.hostname=localhost -Dspring.liveBeansView.mbeanDomain -Dspring.application.admin.enabled=true -Xverify:none -XX:TieredStopAtLevel=1 -Dfile.encoding=UTF-8 
java_command: com.capgemini.cartwebsite.CartWebsiteApplication --spring.output.ansi.enabled=always
java_class_path (initial): C:\ann\Cart-Service\cart-website\target\classes;C:\Users\tudeore\.m2\repository\org\springframework\boot\spring-boot-devtools\2.1.2.RELEASE\spring-boot-devtools-2.1.2.RELEASE.jar;C:\Users\tudeore\.m2\repository\org\springframework\boot\spring-boot\2.1.2.RELEASE\spring-boot-2.1.2.RELEASE.jar;C:\Users\tudeore\.m2\repository\org\springframework\spring-context\5.1.4.RELEASE\spring-context-5.1.4.RELEASE.jar;C:\Users\tudeore\.m2\repository\org\springframework\boot\spring-boot-autoconfigure\2.1.2.RELEASE\spring-boot-autoconfigure-2.1.2.RELEASE.jar;C:\Users\tudeore\.m2\repository\org\apache\tomcat\embed\tomcat-embed-jasper\9.0.14\tomcat-embed-jasper-9.0.14.jar;C:\Users\tudeore\.m2\repository\org\apache\tomcat\embed\tomcat-embed-core\9.0.14\tomcat-embed-core-9.0.14.jar;C:\Users\tudeore\.m2\repository\org\apache\tomcat\tomcat-annotations-api\9.0.14\tomcat-annotations-api-9.0.14.jar;C:\Users\tudeore\.m2\repository\org\apache\tomcat\embed\tomcat-embed-el\9.0.14\tomcat-embed-el-9.0.14.jar;C:\Users\tudeore\.m2\repository\org\eclipse\jdt\ecj\3.15.0\ecj-3.15.0.jar;C:\Users\tudeore\.m2\repository\javax\servlet\jstl\1.2\jstl-1.2.jar;C:\Users\tudeore\.m2\repository\org\springframework\boot\spring-boot-starter-actuator\2.1.2.RELEASE\spring-boot-starter-actuator-2.1.2.RELEASE.jar;C:\Users\tudeore\.m2\repository\org\springframework\boot\spring-boot-starter\2.1.2.RELEASE\spring-boot-starter-2.1.2.RELEASE.jar;C:\Users\tudeore\.m2\repository\org\springframework\boot\spring-boot-starter-logging\2.1.2.RELEASE\spring-boot-starter-logging-2.1.2.RELEASE.jar;C:\Users\tudeore\.m2\repository\ch\qos\logback\logback-classic\1.2.3\logback-classic-1.2.3.jar;C:\Users\tudeore\.m2\repository\ch\qos\logback\logback-core\1.2.3\logback-core-1.2.3.jar;C:\Users\tudeore\.m2\repository\org\apache\logging\log4j\log4j-to-slf4j\2.11.1\log4j-to-slf4j-2.11.1.jar;C:\Users\tudeore\.m2\repository\org\apache\logging\log4j\log4j-api\2.11.1\log4j-api-2.11.1.jar;C:\Users\tudeore\.m2\repository\o
Launcher Type: SUN_STANDARD

Environment Variables:
PATH=C:/Program Files/Java/jre1.8.0_121/bin/server;C:/Program Files/Java/jre1.8.0_121/bin;C:/Program Files/Java/jre1.8.0_121/lib/amd64;C:\Python34\;C:\Python34\Scripts;C:\oraclexe\app\oracle\product\11.2.0\server\bin;C:\ProgramData\Oracle\Java\javapath;C:\WINDOWS\system32;C:\WINDOWS;C:\WINDOWS\System32\Wbem;C:\WINDOWS\System32\WindowsPowerShell\v1.0\;C:\Program Files\TortoiseSVN\bin;C:\Program Files\nodejs\;C:\Program Files\Git\cmd;C:\Program Files (x86)\Microsoft SQL Server\110\Tools\Binn\ManagementStudio\;C:\Program Files (x86)\Microsoft SQL Server\110\Tools\Binn\;C:\Program Files (x86)\Microsoft SQL Server\110\DTS\Binn\;C:\Program Files\Citrix\System32\;C:\Program Files\Citrix\ICAService\;C:\WINDOWS\System32\OpenSSH\;C:\Users\tudeore\AppData\Local\Microsoft\WindowsApps;;C:\Users\tudeore\Desktop\sts-bundle\sts-3.9.7.RELEASE;
USERNAME=tudeore
OS=Windows_NT
PROCESSOR_IDENTIFIER=Intel64 Family 15 Model 6 Stepping 1, GenuineIntel



---------------  S Y S T E M  ---------------

OS: Windows 10.0 , 64 bit Build 17134 (10.0.17134.1)

CPU:total 4 (2 cores per cpu, 1 threads per core) family 15 model 6 stepping 1, cmov, cx8, fxsr, mmx, sse, sse2, sse3, ssse3, sse4.1, sse4.2, popcnt, avx, avx2, aes, clmul, erms, rtm, 3dnowpref, lzcnt, tsc, bmi1, bmi2, adx

Memory: 4k page, physical 8388056k(1507148k free), swap 18697820k(5412k free)

vm_info: Java HotSpot(TM) 64-Bit Server VM (25.121-b13) for windows-amd64 JRE (1.8.0_121-b13), built on Dec 12 2016 18:21:36 by "java_re" with MS VC++ 10.0 (VS2010)

time: Fri Feb 08 14:51:45 2019
elapsed time: 0 seconds (0d 0h 0m 0s)

